{"name":"Пользователь создает нового кастомера","status":"broken","statusDetails":{"known":false,"muted":false,"flaky":false,"message":"Condition with alias 'Подождите пока массив будет не пустой' didn't complete within 500 milliseconds because condition with lambda expression in steps.Steps was not fulfilled.","trace":"org.awaitility.core.ConditionTimeoutException: Condition with alias 'Подождите пока массив будет не пустой' didn't complete within 500 milliseconds because condition with lambda expression in steps.Steps was not fulfilled.\n\tat org.awaitility.core.ConditionAwaiter.await(ConditionAwaiter.java:167)\n\tat org.awaitility.core.CallableCondition.await(CallableCondition.java:78)\n\tat org.awaitility.core.CallableCondition.await(CallableCondition.java:26)\n\tat org.awaitility.core.ConditionFactory.until(ConditionFactory.java:985)\n\tat org.awaitility.core.ConditionFactory.until(ConditionFactory.java:954)\n\tat steps.Steps.retry(Steps.java:130)\n\tat steps.Steps.postCustomer(Steps.java:82)\n\tat RestTest.checkCustomer(RestTest.java:16)\n\tat sun.reflect.NativeMethodAccessorImpl.invoke0(Native Method)\n\tat sun.reflect.NativeMethodAccessorImpl.invoke(NativeMethodAccessorImpl.java:62)\n\tat sun.reflect.DelegatingMethodAccessorImpl.invoke(DelegatingMethodAccessorImpl.java:43)\n\tat java.lang.reflect.Method.invoke(Method.java:498)\n\tat org.testng.internal.MethodInvocationHelper.invokeMethod(MethodInvocationHelper.java:132)\n\tat org.testng.internal.TestInvoker.invokeMethod(TestInvoker.java:599)\n\tat org.testng.internal.TestInvoker.invokeTestMethod(TestInvoker.java:174)\n\tat org.testng.internal.MethodRunner.runInSequence(MethodRunner.java:46)\n\tat org.testng.internal.TestInvoker$MethodInvocationAgent.invoke(TestInvoker.java:822)\n\tat org.testng.internal.TestInvoker.invokeTestMethods(TestInvoker.java:147)\n\tat org.testng.internal.TestMethodWorker.invokeTestMethods(TestMethodWorker.java:146)\n\tat org.testng.internal.TestMethodWorker.run(TestMethodWorker.java:128)\n\tat java.util.ArrayList.forEach(ArrayList.java:1259)\n\tat org.testng.TestRunner.privateRun(TestRunner.java:764)\n\tat org.testng.TestRunner.run(TestRunner.java:585)\n\tat org.testng.SuiteRunner.runTest(SuiteRunner.java:384)\n\tat org.testng.SuiteRunner.runSequentially(SuiteRunner.java:378)\n\tat org.testng.SuiteRunner.privateRun(SuiteRunner.java:337)\n\tat org.testng.SuiteRunner.run(SuiteRunner.java:286)\n\tat org.testng.SuiteRunnerWorker.runSuite(SuiteRunnerWorker.java:53)\n\tat org.testng.SuiteRunnerWorker.run(SuiteRunnerWorker.java:96)\n\tat org.testng.TestNG.runSuitesSequentially(TestNG.java:1218)\n\tat org.testng.TestNG.runSuitesLocally(TestNG.java:1140)\n\tat org.testng.TestNG.runSuites(TestNG.java:1069)\n\tat org.testng.TestNG.run(TestNG.java:1037)\n\tat com.intellij.rt.testng.IDEARemoteTestNG.run(IDEARemoteTestNG.java:66)\n\tat com.intellij.rt.testng.RemoteTestNGStarter.main(RemoteTestNGStarter.java:109)\n"},"stage":"finished","steps":[{"name":"Создание нового Кастомера ","status":"broken","statusDetails":{"known":false,"muted":false,"flaky":false,"message":"Condition with alias 'Подождите пока массив будет не пустой' didn't complete within 500 milliseconds because condition with lambda expression in steps.Steps was not fulfilled.","trace":"org.awaitility.core.ConditionTimeoutException: Condition with alias 'Подождите пока массив будет не пустой' didn't complete within 500 milliseconds because condition with lambda expression in steps.Steps was not fulfilled.\n\tat org.awaitility.core.ConditionAwaiter.await(ConditionAwaiter.java:167)\n\tat org.awaitility.core.CallableCondition.await(CallableCondition.java:78)\n\tat org.awaitility.core.CallableCondition.await(CallableCondition.java:26)\n\tat org.awaitility.core.ConditionFactory.until(ConditionFactory.java:985)\n\tat org.awaitility.core.ConditionFactory.until(ConditionFactory.java:954)\n\tat steps.Steps.retry(Steps.java:130)\n\tat steps.Steps.postCustomer(Steps.java:82)\n\tat RestTest.checkCustomer(RestTest.java:16)\n\tat sun.reflect.NativeMethodAccessorImpl.invoke0(Native Method)\n\tat sun.reflect.NativeMethodAccessorImpl.invoke(NativeMethodAccessorImpl.java:62)\n\tat sun.reflect.DelegatingMethodAccessorImpl.invoke(DelegatingMethodAccessorImpl.java:43)\n\tat java.lang.reflect.Method.invoke(Method.java:498)\n\tat org.testng.internal.MethodInvocationHelper.invokeMethod(MethodInvocationHelper.java:132)\n\tat org.testng.internal.TestInvoker.invokeMethod(TestInvoker.java:599)\n\tat org.testng.internal.TestInvoker.invokeTestMethod(TestInvoker.java:174)\n\tat org.testng.internal.MethodRunner.runInSequence(MethodRunner.java:46)\n\tat org.testng.internal.TestInvoker$MethodInvocationAgent.invoke(TestInvoker.java:822)\n\tat org.testng.internal.TestInvoker.invokeTestMethods(TestInvoker.java:147)\n\tat org.testng.internal.TestMethodWorker.invokeTestMethods(TestMethodWorker.java:146)\n\tat org.testng.internal.TestMethodWorker.run(TestMethodWorker.java:128)\n\tat java.util.ArrayList.forEach(ArrayList.java:1259)\n\tat org.testng.TestRunner.privateRun(TestRunner.java:764)\n\tat org.testng.TestRunner.run(TestRunner.java:585)\n\tat org.testng.SuiteRunner.runTest(SuiteRunner.java:384)\n\tat org.testng.SuiteRunner.runSequentially(SuiteRunner.java:378)\n\tat org.testng.SuiteRunner.privateRun(SuiteRunner.java:337)\n\tat org.testng.SuiteRunner.run(SuiteRunner.java:286)\n\tat org.testng.SuiteRunnerWorker.runSuite(SuiteRunnerWorker.java:53)\n\tat org.testng.SuiteRunnerWorker.run(SuiteRunnerWorker.java:96)\n\tat org.testng.TestNG.runSuitesSequentially(TestNG.java:1218)\n\tat org.testng.TestNG.runSuitesLocally(TestNG.java:1140)\n\tat org.testng.TestNG.runSuites(TestNG.java:1069)\n\tat org.testng.TestNG.run(TestNG.java:1037)\n\tat com.intellij.rt.testng.IDEARemoteTestNG.run(IDEARemoteTestNG.java:66)\n\tat com.intellij.rt.testng.RemoteTestNGStarter.main(RemoteTestNGStarter.java:109)\n"},"stage":"finished","steps":[{"name":"retry","status":"passed","stage":"finished","steps":[{"name":"Получение списка свободных номеров  ","status":"passed","stage":"finished","steps":[],"attachments":[],"parameters":[{"name":"token","value":"bc87ea1a2b7543f19a838dbee002bc10"}],"start":1647605629300,"stop":1647605629331},{"name":"Получение списка свободных номеров  ","status":"passed","stage":"finished","steps":[],"attachments":[],"parameters":[{"name":"token","value":"bc87ea1a2b7543f19a838dbee002bc10"}],"start":1647605629434,"stop":1647605629449}],"attachments":[],"parameters":[],"start":1647605629175,"stop":1647605629658},{"name":"retry","status":"broken","statusDetails":{"known":false,"muted":false,"flaky":false,"message":"Condition with alias 'Подождите пока массив будет не пустой' didn't complete within 500 milliseconds because condition with lambda expression in steps.Steps was not fulfilled.","trace":"org.awaitility.core.ConditionTimeoutException: Condition with alias 'Подождите пока массив будет не пустой' didn't complete within 500 milliseconds because condition with lambda expression in steps.Steps was not fulfilled.\n\tat org.awaitility.core.ConditionAwaiter.await(ConditionAwaiter.java:167)\n\tat org.awaitility.core.CallableCondition.await(CallableCondition.java:78)\n\tat org.awaitility.core.CallableCondition.await(CallableCondition.java:26)\n\tat org.awaitility.core.ConditionFactory.until(ConditionFactory.java:985)\n\tat org.awaitility.core.ConditionFactory.until(ConditionFactory.java:954)\n\tat steps.Steps.retry(Steps.java:130)\n\tat steps.Steps.postCustomer(Steps.java:82)\n\tat RestTest.checkCustomer(RestTest.java:16)\n\tat sun.reflect.NativeMethodAccessorImpl.invoke0(Native Method)\n\tat sun.reflect.NativeMethodAccessorImpl.invoke(NativeMethodAccessorImpl.java:62)\n\tat sun.reflect.DelegatingMethodAccessorImpl.invoke(DelegatingMethodAccessorImpl.java:43)\n\tat java.lang.reflect.Method.invoke(Method.java:498)\n\tat org.testng.internal.MethodInvocationHelper.invokeMethod(MethodInvocationHelper.java:132)\n\tat org.testng.internal.TestInvoker.invokeMethod(TestInvoker.java:599)\n\tat org.testng.internal.TestInvoker.invokeTestMethod(TestInvoker.java:174)\n\tat org.testng.internal.MethodRunner.runInSequence(MethodRunner.java:46)\n\tat org.testng.internal.TestInvoker$MethodInvocationAgent.invoke(TestInvoker.java:822)\n\tat org.testng.internal.TestInvoker.invokeTestMethods(TestInvoker.java:147)\n\tat org.testng.internal.TestMethodWorker.invokeTestMethods(TestMethodWorker.java:146)\n\tat org.testng.internal.TestMethodWorker.run(TestMethodWorker.java:128)\n\tat java.util.ArrayList.forEach(ArrayList.java:1259)\n\tat org.testng.TestRunner.privateRun(TestRunner.java:764)\n\tat org.testng.TestRunner.run(TestRunner.java:585)\n\tat org.testng.SuiteRunner.runTest(SuiteRunner.java:384)\n\tat org.testng.SuiteRunner.runSequentially(SuiteRunner.java:378)\n\tat org.testng.SuiteRunner.privateRun(SuiteRunner.java:337)\n\tat org.testng.SuiteRunner.run(SuiteRunner.java:286)\n\tat org.testng.SuiteRunnerWorker.runSuite(SuiteRunnerWorker.java:53)\n\tat org.testng.SuiteRunnerWorker.run(SuiteRunnerWorker.java:96)\n\tat org.testng.TestNG.runSuitesSequentially(TestNG.java:1218)\n\tat org.testng.TestNG.runSuitesLocally(TestNG.java:1140)\n\tat org.testng.TestNG.runSuites(TestNG.java:1069)\n\tat org.testng.TestNG.run(TestNG.java:1037)\n\tat com.intellij.rt.testng.IDEARemoteTestNG.run(IDEARemoteTestNG.java:66)\n\tat com.intellij.rt.testng.RemoteTestNGStarter.main(RemoteTestNGStarter.java:109)\n"},"stage":"finished","steps":[{"name":"Получение списка свободных номеров  ","status":"passed","stage":"finished","steps":[],"attachments":[],"parameters":[{"name":"token","value":"bc87ea1a2b7543f19a838dbee002bc10"}],"start":1647605629759,"stop":1647605629772},{"name":"Получение списка свободных номеров  ","status":"passed","stage":"finished","steps":[],"attachments":[],"parameters":[{"name":"token","value":"bc87ea1a2b7543f19a838dbee002bc10"}],"start":1647605629872,"stop":1647605629883},{"name":"Получение списка свободных номеров  ","status":"passed","stage":"finished","steps":[],"attachments":[],"parameters":[{"name":"token","value":"bc87ea1a2b7543f19a838dbee002bc10"}],"start":1647605629984,"stop":1647605629993},{"name":"Получение списка свободных номеров  ","status":"passed","stage":"finished","steps":[],"attachments":[],"parameters":[{"name":"token","value":"bc87ea1a2b7543f19a838dbee002bc10"}],"start":1647605630094,"stop":1647605630104}],"attachments":[],"parameters":[],"start":1647605629659,"stop":1647605630215}],"attachments":[],"parameters":[{"name":"token","value":"bc87ea1a2b7543f19a838dbee002bc10"}],"start":1647605629174,"stop":1647605630215}],"attachments":[],"parameters":[],"start":1647605629172,"stop":1647605630217,"uuid":"42a1ecb9-c152-4e6f-a8b8-2669a0e475a9","historyId":"ee6a3e4880b0fae3ffb9537117706a60","fullName":"RestTest.checkCustomer","labels":[{"name":"package","value":"RestTest"},{"name":"testClass","value":"RestTest"},{"name":"testMethod","value":"checkCustomer"},{"name":"parentSuite","value":"Default Suite"},{"name":"suite","value":"yota"},{"name":"subSuite","value":"RestTest"},{"name":"host","value":"akirnik"},{"name":"thread","value":"245254@akirnik.main(1)"},{"name":"framework","value":"testng"},{"name":"language","value":"java"}],"links":[]}