{"name":"Пользователь создает нового кастомера","status":"broken","statusDetails":{"known":false,"muted":false,"flaky":false,"message":"Condition with alias 'Подождите пока массив будет не пустой' didn't complete within 500 milliseconds because condition with lambda expression in steps.Steps was not fulfilled.","trace":"org.awaitility.core.ConditionTimeoutException: Condition with alias 'Подождите пока массив будет не пустой' didn't complete within 500 milliseconds because condition with lambda expression in steps.Steps was not fulfilled.\n\tat org.awaitility.core.ConditionAwaiter.await(ConditionAwaiter.java:167)\n\tat org.awaitility.core.CallableCondition.await(CallableCondition.java:78)\n\tat org.awaitility.core.CallableCondition.await(CallableCondition.java:26)\n\tat org.awaitility.core.ConditionFactory.until(ConditionFactory.java:985)\n\tat org.awaitility.core.ConditionFactory.until(ConditionFactory.java:954)\n\tat steps.Steps.retry(Steps.java:130)\n\tat steps.Steps.postCustomer(Steps.java:82)\n\tat RestTest.checkCustomer(RestTest.java:16)\n\tat sun.reflect.NativeMethodAccessorImpl.invoke0(Native Method)\n\tat sun.reflect.NativeMethodAccessorImpl.invoke(NativeMethodAccessorImpl.java:62)\n\tat sun.reflect.DelegatingMethodAccessorImpl.invoke(DelegatingMethodAccessorImpl.java:43)\n\tat java.lang.reflect.Method.invoke(Method.java:498)\n\tat org.testng.internal.MethodInvocationHelper.invokeMethod(MethodInvocationHelper.java:132)\n\tat org.testng.internal.TestInvoker.invokeMethod(TestInvoker.java:599)\n\tat org.testng.internal.TestInvoker.invokeTestMethod(TestInvoker.java:174)\n\tat org.testng.internal.MethodRunner.runInSequence(MethodRunner.java:46)\n\tat org.testng.internal.TestInvoker$MethodInvocationAgent.invoke(TestInvoker.java:822)\n\tat org.testng.internal.TestInvoker.invokeTestMethods(TestInvoker.java:147)\n\tat org.testng.internal.TestMethodWorker.invokeTestMethods(TestMethodWorker.java:146)\n\tat org.testng.internal.TestMethodWorker.run(TestMethodWorker.java:128)\n\tat java.util.ArrayList.forEach(ArrayList.java:1259)\n\tat org.testng.TestRunner.privateRun(TestRunner.java:764)\n\tat org.testng.TestRunner.run(TestRunner.java:585)\n\tat org.testng.SuiteRunner.runTest(SuiteRunner.java:384)\n\tat org.testng.SuiteRunner.runSequentially(SuiteRunner.java:378)\n\tat org.testng.SuiteRunner.privateRun(SuiteRunner.java:337)\n\tat org.testng.SuiteRunner.run(SuiteRunner.java:286)\n\tat org.testng.SuiteRunnerWorker.runSuite(SuiteRunnerWorker.java:53)\n\tat org.testng.SuiteRunnerWorker.run(SuiteRunnerWorker.java:96)\n\tat org.testng.TestNG.runSuitesSequentially(TestNG.java:1218)\n\tat org.testng.TestNG.runSuitesLocally(TestNG.java:1140)\n\tat org.testng.TestNG.runSuites(TestNG.java:1069)\n\tat org.testng.TestNG.run(TestNG.java:1037)\n\tat com.intellij.rt.testng.IDEARemoteTestNG.run(IDEARemoteTestNG.java:66)\n\tat com.intellij.rt.testng.RemoteTestNGStarter.main(RemoteTestNGStarter.java:109)\nCaused by: java.util.concurrent.TimeoutException\n\tat java.util.concurrent.FutureTask.get(FutureTask.java:205)\n\tat org.awaitility.core.Uninterruptibles.getUninterruptibly(Uninterruptibles.java:101)\n\tat org.awaitility.core.Uninterruptibles.getUninterruptibly(Uninterruptibles.java:81)\n\tat org.awaitility.core.ConditionAwaiter.await(ConditionAwaiter.java:103)\n\t... 34 more\n"},"stage":"finished","steps":[{"name":"Создание нового Кастомера ","status":"broken","statusDetails":{"known":false,"muted":false,"flaky":false,"message":"Condition with alias 'Подождите пока массив будет не пустой' didn't complete within 500 milliseconds because condition with lambda expression in steps.Steps was not fulfilled.","trace":"org.awaitility.core.ConditionTimeoutException: Condition with alias 'Подождите пока массив будет не пустой' didn't complete within 500 milliseconds because condition with lambda expression in steps.Steps was not fulfilled.\n\tat org.awaitility.core.ConditionAwaiter.await(ConditionAwaiter.java:167)\n\tat org.awaitility.core.CallableCondition.await(CallableCondition.java:78)\n\tat org.awaitility.core.CallableCondition.await(CallableCondition.java:26)\n\tat org.awaitility.core.ConditionFactory.until(ConditionFactory.java:985)\n\tat org.awaitility.core.ConditionFactory.until(ConditionFactory.java:954)\n\tat steps.Steps.retry(Steps.java:130)\n\tat steps.Steps.postCustomer(Steps.java:82)\n\tat RestTest.checkCustomer(RestTest.java:16)\n\tat sun.reflect.NativeMethodAccessorImpl.invoke0(Native Method)\n\tat sun.reflect.NativeMethodAccessorImpl.invoke(NativeMethodAccessorImpl.java:62)\n\tat sun.reflect.DelegatingMethodAccessorImpl.invoke(DelegatingMethodAccessorImpl.java:43)\n\tat java.lang.reflect.Method.invoke(Method.java:498)\n\tat org.testng.internal.MethodInvocationHelper.invokeMethod(MethodInvocationHelper.java:132)\n\tat org.testng.internal.TestInvoker.invokeMethod(TestInvoker.java:599)\n\tat org.testng.internal.TestInvoker.invokeTestMethod(TestInvoker.java:174)\n\tat org.testng.internal.MethodRunner.runInSequence(MethodRunner.java:46)\n\tat org.testng.internal.TestInvoker$MethodInvocationAgent.invoke(TestInvoker.java:822)\n\tat org.testng.internal.TestInvoker.invokeTestMethods(TestInvoker.java:147)\n\tat org.testng.internal.TestMethodWorker.invokeTestMethods(TestMethodWorker.java:146)\n\tat org.testng.internal.TestMethodWorker.run(TestMethodWorker.java:128)\n\tat java.util.ArrayList.forEach(ArrayList.java:1259)\n\tat org.testng.TestRunner.privateRun(TestRunner.java:764)\n\tat org.testng.TestRunner.run(TestRunner.java:585)\n\tat org.testng.SuiteRunner.runTest(SuiteRunner.java:384)\n\tat org.testng.SuiteRunner.runSequentially(SuiteRunner.java:378)\n\tat org.testng.SuiteRunner.privateRun(SuiteRunner.java:337)\n\tat org.testng.SuiteRunner.run(SuiteRunner.java:286)\n\tat org.testng.SuiteRunnerWorker.runSuite(SuiteRunnerWorker.java:53)\n\tat org.testng.SuiteRunnerWorker.run(SuiteRunnerWorker.java:96)\n\tat org.testng.TestNG.runSuitesSequentially(TestNG.java:1218)\n\tat org.testng.TestNG.runSuitesLocally(TestNG.java:1140)\n\tat org.testng.TestNG.runSuites(TestNG.java:1069)\n\tat org.testng.TestNG.run(TestNG.java:1037)\n\tat com.intellij.rt.testng.IDEARemoteTestNG.run(IDEARemoteTestNG.java:66)\n\tat com.intellij.rt.testng.RemoteTestNGStarter.main(RemoteTestNGStarter.java:109)\nCaused by: java.util.concurrent.TimeoutException\n\tat java.util.concurrent.FutureTask.get(FutureTask.java:205)\n\tat org.awaitility.core.Uninterruptibles.getUninterruptibly(Uninterruptibles.java:101)\n\tat org.awaitility.core.Uninterruptibles.getUninterruptibly(Uninterruptibles.java:81)\n\tat org.awaitility.core.ConditionAwaiter.await(ConditionAwaiter.java:103)\n\t... 34 more\n"},"stage":"finished","steps":[{"name":"retry","status":"passed","stage":"finished","steps":[{"name":"Получение списка свободных номеров  ","status":"passed","stage":"finished","steps":[],"attachments":[],"parameters":[{"name":"token","value":"cb6014d321064e85af282ce379e57d91"}],"start":1647605675004,"stop":1647605675040},{"name":"Получение списка свободных номеров  ","status":"passed","stage":"finished","steps":[],"attachments":[],"parameters":[{"name":"token","value":"cb6014d321064e85af282ce379e57d91"}],"start":1647605675143,"stop":1647605675156}],"attachments":[],"parameters":[],"start":1647605674879,"stop":1647605675356},{"name":"retry","status":"passed","stage":"finished","steps":[{"name":"Получение списка свободных номеров  ","status":"passed","stage":"finished","steps":[],"attachments":[],"parameters":[{"name":"token","value":"cb6014d321064e85af282ce379e57d91"}],"start":1647605675457,"stop":1647605675473}],"attachments":[],"parameters":[],"start":1647605675356,"stop":1647605675507},{"name":"retry","status":"passed","stage":"finished","steps":[{"name":"Получение списка свободных номеров  ","status":"passed","stage":"finished","steps":[],"attachments":[],"parameters":[{"name":"token","value":"cb6014d321064e85af282ce379e57d91"}],"start":1647605675619,"stop":1647605675633}],"attachments":[],"parameters":[],"start":1647605675518,"stop":1647605675661},{"name":"retry","status":"broken","statusDetails":{"known":false,"muted":false,"flaky":false,"message":"Condition with alias 'Подождите пока массив будет не пустой' didn't complete within 500 milliseconds because condition with lambda expression in steps.Steps was not fulfilled.","trace":"org.awaitility.core.ConditionTimeoutException: Condition with alias 'Подождите пока массив будет не пустой' didn't complete within 500 milliseconds because condition with lambda expression in steps.Steps was not fulfilled.\n\tat org.awaitility.core.ConditionAwaiter.await(ConditionAwaiter.java:167)\n\tat org.awaitility.core.CallableCondition.await(CallableCondition.java:78)\n\tat org.awaitility.core.CallableCondition.await(CallableCondition.java:26)\n\tat org.awaitility.core.ConditionFactory.until(ConditionFactory.java:985)\n\tat org.awaitility.core.ConditionFactory.until(ConditionFactory.java:954)\n\tat steps.Steps.retry(Steps.java:130)\n\tat steps.Steps.postCustomer(Steps.java:82)\n\tat RestTest.checkCustomer(RestTest.java:16)\n\tat sun.reflect.NativeMethodAccessorImpl.invoke0(Native Method)\n\tat sun.reflect.NativeMethodAccessorImpl.invoke(NativeMethodAccessorImpl.java:62)\n\tat sun.reflect.DelegatingMethodAccessorImpl.invoke(DelegatingMethodAccessorImpl.java:43)\n\tat java.lang.reflect.Method.invoke(Method.java:498)\n\tat org.testng.internal.MethodInvocationHelper.invokeMethod(MethodInvocationHelper.java:132)\n\tat org.testng.internal.TestInvoker.invokeMethod(TestInvoker.java:599)\n\tat org.testng.internal.TestInvoker.invokeTestMethod(TestInvoker.java:174)\n\tat org.testng.internal.MethodRunner.runInSequence(MethodRunner.java:46)\n\tat org.testng.internal.TestInvoker$MethodInvocationAgent.invoke(TestInvoker.java:822)\n\tat org.testng.internal.TestInvoker.invokeTestMethods(TestInvoker.java:147)\n\tat org.testng.internal.TestMethodWorker.invokeTestMethods(TestMethodWorker.java:146)\n\tat org.testng.internal.TestMethodWorker.run(TestMethodWorker.java:128)\n\tat java.util.ArrayList.forEach(ArrayList.java:1259)\n\tat org.testng.TestRunner.privateRun(TestRunner.java:764)\n\tat org.testng.TestRunner.run(TestRunner.java:585)\n\tat org.testng.SuiteRunner.runTest(SuiteRunner.java:384)\n\tat org.testng.SuiteRunner.runSequentially(SuiteRunner.java:378)\n\tat org.testng.SuiteRunner.privateRun(SuiteRunner.java:337)\n\tat org.testng.SuiteRunner.run(SuiteRunner.java:286)\n\tat org.testng.SuiteRunnerWorker.runSuite(SuiteRunnerWorker.java:53)\n\tat org.testng.SuiteRunnerWorker.run(SuiteRunnerWorker.java:96)\n\tat org.testng.TestNG.runSuitesSequentially(TestNG.java:1218)\n\tat org.testng.TestNG.runSuitesLocally(TestNG.java:1140)\n\tat org.testng.TestNG.runSuites(TestNG.java:1069)\n\tat org.testng.TestNG.run(TestNG.java:1037)\n\tat com.intellij.rt.testng.IDEARemoteTestNG.run(IDEARemoteTestNG.java:66)\n\tat com.intellij.rt.testng.RemoteTestNGStarter.main(RemoteTestNGStarter.java:109)\nCaused by: java.util.concurrent.TimeoutException\n\tat java.util.concurrent.FutureTask.get(FutureTask.java:205)\n\tat org.awaitility.core.Uninterruptibles.getUninterruptibly(Uninterruptibles.java:101)\n\tat org.awaitility.core.Uninterruptibles.getUninterruptibly(Uninterruptibles.java:81)\n\tat org.awaitility.core.ConditionAwaiter.await(ConditionAwaiter.java:103)\n\t... 34 more\n"},"stage":"finished","steps":[{"name":"Получение списка свободных номеров  ","status":"passed","stage":"finished","steps":[],"attachments":[],"parameters":[{"name":"token","value":"cb6014d321064e85af282ce379e57d91"}],"start":1647605675763,"stop":1647605675796},{"name":"Получение списка свободных номеров  ","status":"passed","stage":"finished","steps":[],"attachments":[],"parameters":[{"name":"token","value":"cb6014d321064e85af282ce379e57d91"}],"start":1647605675897,"stop":1647605675923},{"name":"Получение списка свободных номеров  ","status":"passed","stage":"finished","steps":[],"attachments":[],"parameters":[{"name":"token","value":"cb6014d321064e85af282ce379e57d91"}],"start":1647605676024,"stop":1647605676034},{"name":"Получение списка свободных номеров  ","status":"passed","stage":"finished","steps":[],"attachments":[],"parameters":[{"name":"token","value":"cb6014d321064e85af282ce379e57d91"}],"start":1647605676135,"stop":1647605676161}],"attachments":[],"parameters":[],"start":1647605675662,"stop":1647605676200}],"attachments":[],"parameters":[{"name":"token","value":"cb6014d321064e85af282ce379e57d91"}],"start":1647605674879,"stop":1647605676200}],"attachments":[],"parameters":[],"start":1647605674876,"stop":1647605676206,"uuid":"a797377a-4801-488e-8ca4-022338c169fd","historyId":"ee6a3e4880b0fae3ffb9537117706a60","fullName":"RestTest.checkCustomer","labels":[{"name":"package","value":"RestTest"},{"name":"testClass","value":"RestTest"},{"name":"testMethod","value":"checkCustomer"},{"name":"parentSuite","value":"Default Suite"},{"name":"suite","value":"yota"},{"name":"subSuite","value":"RestTest"},{"name":"host","value":"akirnik"},{"name":"thread","value":"245367@akirnik.main(1)"},{"name":"framework","value":"testng"},{"name":"language","value":"java"}],"links":[]}